<?xml version="1.0" encoding="UTF-8"?>
<!-- Generated by org.testng.reporters.JUnitReportReporter -->
<testsuite skipped="0" hostname="RKSINGH" name="test.TestNGDemo" tests="1" failures="0" timestamp="04 Sep 2019 12:29:30 GMT" time="7.723" errors="0">
  <testcase name="googleSearch" time="7.723" classname="test.TestNGDemo"/>
</testsuite> <!-- test.TestNGDemo -->
